INFO  | 2020-03-05 09:57:59,534 | http-nio-8080-exec-1 | Employee Session New: bf163337-881a-4069-af47-af4ff931cc69 | com.cars.mylescars.Controller.BaseController:20|
INFO  | 2020-03-05 09:57:59,595 | http-nio-8080-exec-1 | requestUrl : https://mylesaccesstoken.carzonrent.com/Services/MylesTokenService.svc/RestW1AuthenticateUser | com.cars.mylescars.Controller.LongTermController:84|
ERROR | 2020-03-05 09:58:14,515 | http-nio-8080-exec-1 | responseData : <200,{"accessToken":"vT2Bh3C3WPIhNWR3VyqGi3RKr4U%3D","sessionID":null,"status":1},[Cache-Control:"private", Content-Length:"76", Content-Type:"application/json; charset=utf-8", Server:"Microsoft-IIS/7.5", X-AspNet-Version:"4.0.30319", X-Powered-By:"ASP.NET", Access-Control-Allow-Origin:"*", Access-Control-Allow-Headers:"Content-Type", Date:"Thu, 05 Mar 2020 04:29:01 GMT"]> | com.cars.mylescars.Controller.LongTermController:118|
INFO  | 2020-03-05 11:43:01,713 | http-nio-8080-exec-1 | Employee Session New: 509045fb-11b0-4ed7-b3b1-748d141d6f65 | com.cars.mylescars.Controller.BaseController:20|
INFO  | 2020-03-05 11:43:01,777 | http-nio-8080-exec-1 | requestUrl : https://mylesaccesstoken.carzonrent.com/Services/MylesTokenService.svc/RestW1AuthenticateUser | com.cars.mylescars.Controller.LongTermController:84|
ERROR | 2020-03-05 11:43:05,501 | http-nio-8080-exec-1 | responseData : <200,{"accessToken":"TEBlNQXUx%2BYW9cga9g0jMWfw5P4%3D","sessionID":null,"status":1},[Cache-Control:"private", Content-Length:"78", Content-Type:"application/json; charset=utf-8", Server:"Microsoft-IIS/7.5", X-AspNet-Version:"4.0.30319", X-Powered-By:"ASP.NET", Access-Control-Allow-Origin:"*", Access-Control-Allow-Headers:"Content-Type", Date:"Thu, 05 Mar 2020 06:13:14 GMT"]> | com.cars.mylescars.Controller.LongTermController:118|
INFO  | 2020-03-05 11:53:29,393 | http-nio-8080-exec-1 | Employee Session New: 787a2c5a-d342-484d-be2e-7f29e9a83d88 | com.cars.mylescars.Controller.BaseController:20|
INFO  | 2020-03-05 11:53:29,430 | http-nio-8080-exec-1 | requestUrl : https://mylesaccesstoken.carzonrent.com/Services/MylesTokenService.svc/RestW1AuthenticateUser | com.cars.mylescars.Controller.LongTermController:84|
ERROR | 2020-03-05 11:53:30,335 | http-nio-8080-exec-1 | responseData : <200,{"accessToken":"g5it8Ntkq3pRktpsBiimjZKh53Q%3D","sessionID":null,"status":1},[Cache-Control:"private", Content-Length:"76", Content-Type:"application/json; charset=utf-8", Server:"Microsoft-IIS/7.5", X-AspNet-Version:"4.0.30319", X-Powered-By:"ASP.NET", Access-Control-Allow-Origin:"*", Access-Control-Allow-Headers:"Content-Type", Date:"Thu, 05 Mar 2020 06:23:44 GMT"]> | com.cars.mylescars.Controller.LongTermController:118|
INFO  | 2020-03-05 12:00:18,120 | http-nio-8080-exec-1 | ------null | com.cars.mylescars.Controller.IndexController:80|
INFO  | 2020-03-05 12:12:18,027 | http-nio-8080-exec-1 | ------null | com.cars.mylescars.Controller.IndexController:80|
INFO  | 2020-03-05 12:15:24,802 | http-nio-8080-exec-1 | ------null | com.cars.mylescars.Controller.IndexController:80|
INFO  | 2020-03-05 12:21:23,145 | http-nio-8080-exec-3 | ------null | com.cars.mylescars.Controller.IndexController:80|
INFO  | 2020-03-05 12:33:59,924 | http-nio-8080-exec-1 | ------null | com.cars.mylescars.Controller.IndexController:80|
INFO  | 2020-03-05 12:34:37,468 | http-nio-8080-exec-1 | cities:  {2=Delhi, 3=Gurugram, 4=Mumbai, 5=Pune, 6=Hyderabad, 7=Bengaluru, 8=Chennai} | com.cars.mylescars.Controller.IndexController:93|
INFO  | 2020-03-05 12:54:16,637 | http-nio-8080-exec-1 | -------------- | com.cars.mylescars.Controller.IndexController:95|
INFO  | 2020-03-05 12:55:19,903 | http-nio-8080-exec-1 | Employee Session New: a0cafabb-6a67-4930-9ad0-cc47af0d461f | com.cars.mylescars.Controller.BaseController:20|
INFO  | 2020-03-05 12:55:19,927 | http-nio-8080-exec-1 | requestUrl : https://mylesaccesstoken.carzonrent.com/Services/MylesTokenService.svc/RestW1AuthenticateUser | com.cars.mylescars.Controller.LongTermController:84|
ERROR | 2020-03-05 12:55:20,647 | http-nio-8080-exec-1 | responseData : <200,{"accessToken":"%2FMjpW8%2F2rh6GFHbJ6b8iBlte4DY%3D","sessionID":null,"status":1},[Cache-Control:"private", Content-Length:"80", Content-Type:"application/json; charset=utf-8", Server:"Microsoft-IIS/7.5", X-AspNet-Version:"4.0.30319", X-Powered-By:"ASP.NET", Access-Control-Allow-Origin:"*", Access-Control-Allow-Headers:"Content-Type", Date:"Thu, 05 Mar 2020 07:26:01 GMT"]> | com.cars.mylescars.Controller.LongTermController:118|
INFO  | 2020-03-05 12:55:39,699 | http-nio-8080-exec-1 | ------null | com.cars.mylescars.Controller.IndexController:80|
INFO  | 2020-03-05 12:55:48,041 | http-nio-8080-exec-1 | cities:  {2=Delhi, 3=Gurugram, 4=Mumbai, 5=Pune, 6=Hyderabad, 7=Bengaluru, 8=Chennai} | com.cars.mylescars.Controller.IndexController:93|
INFO  | 2020-03-05 12:55:50,012 | http-nio-8080-exec-1 | -------------- | com.cars.mylescars.Controller.IndexController:95|
INFO  | 2020-03-05 12:59:33,729 | http-nio-8080-exec-1 | ------null | com.cars.mylescars.Controller.IndexController:80|
INFO  | 2020-03-05 12:59:52,811 | http-nio-8080-exec-1 | cities:  {2=Delhi, 3=Gurugram, 4=Mumbai, 5=Pune, 6=Hyderabad, 7=Bengaluru, 8=Chennai} | com.cars.mylescars.Controller.IndexController:93|
INFO  | 2020-03-05 12:59:53,953 | http-nio-8080-exec-1 | -------------- | com.cars.mylescars.Controller.IndexController:95|
INFO  | 2020-03-05 13:00:22,488 | http-nio-8080-exec-3 | ------null | com.cars.mylescars.Controller.IndexController:80|
INFO  | 2020-03-05 13:00:22,502 | http-nio-8080-exec-3 | cities:  {2=Delhi, 3=Gurugram, 4=Mumbai, 5=Pune, 6=Hyderabad, 7=Bengaluru, 8=Chennai} | com.cars.mylescars.Controller.IndexController:93|
INFO  | 2020-03-05 13:00:22,505 | http-nio-8080-exec-3 | -------------- | com.cars.mylescars.Controller.IndexController:95|
WARN  | 2020-03-05 13:14:49,444 | com.mchange.v2.async.ThreadPoolAsynchronousRunner$PoolThread-#2 | com.mchange.v2.resourcepool.BasicResourcePool@7661e474 -- Thread unexpectedly interrupted while performing an acquisition attempt. | com.mchange.v2.resourcepool.BasicResourcePool$AcquireTask:1876|
java.lang.InterruptedException: sleep interrupted
	at java.base/java.lang.Thread.sleep(Native Method)
	at com.mchange.v2.resourcepool.BasicResourcePool$AcquireTask.run(BasicResourcePool.java:1805)
	at com.mchange.v2.async.ThreadPoolAsynchronousRunner$PoolThread.run(ThreadPoolAsynchronousRunner.java:547)
WARN  | 2020-03-05 13:14:49,444 | com.mchange.v2.async.ThreadPoolAsynchronousRunner$PoolThread-#4 | com.mchange.v2.resourcepool.BasicResourcePool@7661e474 -- Thread unexpectedly interrupted while performing an acquisition attempt. | com.mchange.v2.resourcepool.BasicResourcePool$AcquireTask:1876|
java.lang.InterruptedException: sleep interrupted
	at java.base/java.lang.Thread.sleep(Native Method)
	at com.mchange.v2.resourcepool.BasicResourcePool$AcquireTask.run(BasicResourcePool.java:1805)
	at com.mchange.v2.async.ThreadPoolAsynchronousRunner$PoolThread.run(ThreadPoolAsynchronousRunner.java:547)
WARN  | 2020-03-05 13:14:49,444 | com.mchange.v2.async.ThreadPoolAsynchronousRunner$PoolThread-#1 | com.mchange.v2.resourcepool.BasicResourcePool@7661e474 -- Thread unexpectedly interrupted while performing an acquisition attempt. | com.mchange.v2.resourcepool.BasicResourcePool$AcquireTask:1876|
java.lang.InterruptedException: sleep interrupted
	at java.base/java.lang.Thread.sleep(Native Method)
	at com.mchange.v2.resourcepool.BasicResourcePool$AcquireTask.run(BasicResourcePool.java:1805)
	at com.mchange.v2.async.ThreadPoolAsynchronousRunner$PoolThread.run(ThreadPoolAsynchronousRunner.java:547)
WARN  | 2020-03-05 13:14:49,444 | com.mchange.v2.async.ThreadPoolAsynchronousRunner$PoolThread-#3 | com.mchange.v2.resourcepool.BasicResourcePool@7661e474 -- Thread unexpectedly interrupted while performing an acquisition attempt. | com.mchange.v2.resourcepool.BasicResourcePool$AcquireTask:1876|
java.lang.InterruptedException: sleep interrupted
	at java.base/java.lang.Thread.sleep(Native Method)
	at com.mchange.v2.resourcepool.BasicResourcePool$AcquireTask.run(BasicResourcePool.java:1805)
	at com.mchange.v2.async.ThreadPoolAsynchronousRunner$PoolThread.run(ThreadPoolAsynchronousRunner.java:547)
WARN  | 2020-03-05 13:14:49,445 | com.mchange.v2.async.ThreadPoolAsynchronousRunner$PoolThread-#0 | com.mchange.v2.resourcepool.BasicResourcePool@7661e474 -- Thread unexpectedly interrupted while performing an acquisition attempt. | com.mchange.v2.resourcepool.BasicResourcePool$AcquireTask:1876|
java.lang.InterruptedException: sleep interrupted
	at java.base/java.lang.Thread.sleep(Native Method)
	at com.mchange.v2.resourcepool.BasicResourcePool$AcquireTask.run(BasicResourcePool.java:1805)
	at com.mchange.v2.async.ThreadPoolAsynchronousRunner$PoolThread.run(ThreadPoolAsynchronousRunner.java:547)
INFO  | 2020-03-05 13:15:34,345 | http-nio-8080-exec-1 | ------null | com.cars.mylescars.Controller.IndexController:80|
INFO  | 2020-03-05 13:15:35,293 | http-nio-8080-exec-1 | cities:  {2=Delhi, 3=Gurugram, 4=Mumbai, 5=Pune, 6=Hyderabad, 7=Bengaluru, 8=Chennai} | com.cars.mylescars.Controller.IndexController:93|
INFO  | 2020-03-05 13:15:35,294 | http-nio-8080-exec-1 | -------------- | com.cars.mylescars.Controller.IndexController:95|
INFO  | 2020-03-05 13:22:18,079 | http-nio-8080-exec-1 | ------null | com.cars.mylescars.Controller.IndexController:80|
INFO  | 2020-03-05 13:22:19,029 | http-nio-8080-exec-1 | cities:  {2=Delhi, 3=Gurugram, 4=Mumbai, 5=Pune, 6=Hyderabad, 7=Bengaluru, 8=Chennai} | com.cars.mylescars.Controller.IndexController:93|
INFO  | 2020-03-05 13:22:19,030 | http-nio-8080-exec-1 | -------------- | com.cars.mylescars.Controller.IndexController:95|
INFO  | 2020-03-05 13:28:34,734 | http-nio-8080-exec-1 | ------null | com.cars.mylescars.Controller.IndexController:80|
INFO  | 2020-03-05 13:28:35,029 | http-nio-8080-exec-1 | cities:  {2=Delhi, 3=Gurugram, 4=Mumbai, 5=Pune, 6=Hyderabad, 7=Bengaluru, 8=Chennai} | com.cars.mylescars.Controller.IndexController:93|
INFO  | 2020-03-05 13:28:35,030 | http-nio-8080-exec-1 | -------------- | com.cars.mylescars.Controller.IndexController:95|
INFO  | 2020-03-05 13:36:16,698 | http-nio-8080-exec-3 | ------null | com.cars.mylescars.Controller.IndexController:80|
INFO  | 2020-03-05 13:36:16,843 | http-nio-8080-exec-3 | cities:  {2=Delhi, 3=Gurugram, 4=Mumbai, 5=Pune, 6=Hyderabad, 7=Bengaluru, 8=Chennai} | com.cars.mylescars.Controller.IndexController:93|
INFO  | 2020-03-05 13:36:16,844 | http-nio-8080-exec-3 | -------------- | com.cars.mylescars.Controller.IndexController:95|
INFO  | 2020-03-05 13:36:31,159 | http-nio-8080-exec-5 | ------null | com.cars.mylescars.Controller.IndexController:80|
INFO  | 2020-03-05 13:36:31,320 | http-nio-8080-exec-5 | cities:  {2=Delhi, 3=Gurugram, 4=Mumbai, 5=Pune, 6=Hyderabad, 7=Bengaluru, 8=Chennai} | com.cars.mylescars.Controller.IndexController:93|
INFO  | 2020-03-05 13:36:31,321 | http-nio-8080-exec-5 | -------------- | com.cars.mylescars.Controller.IndexController:95|
INFO  | 2020-03-05 13:39:34,010 | http-nio-8080-exec-5 | ------null | com.cars.mylescars.Controller.IndexController:80|
INFO  | 2020-03-05 13:39:34,015 | http-nio-8080-exec-5 | cities:  {2=Delhi, 3=Gurugram, 4=Mumbai, 5=Pune, 6=Hyderabad, 7=Bengaluru, 8=Chennai} | com.cars.mylescars.Controller.IndexController:93|
INFO  | 2020-03-05 13:39:34,017 | http-nio-8080-exec-5 | -------------- | com.cars.mylescars.Controller.IndexController:95|
INFO  | 2020-03-05 13:39:34,295 | http-nio-8080-exec-3 | ------null | com.cars.mylescars.Controller.IndexController:80|
INFO  | 2020-03-05 13:39:34,296 | http-nio-8080-exec-3 | cities:  {2=Delhi, 3=Gurugram, 4=Mumbai, 5=Pune, 6=Hyderabad, 7=Bengaluru, 8=Chennai} | com.cars.mylescars.Controller.IndexController:93|
INFO  | 2020-03-05 13:39:34,297 | http-nio-8080-exec-3 | -------------- | com.cars.mylescars.Controller.IndexController:95|
INFO  | 2020-03-05 13:40:20,875 | http-nio-8080-exec-1 | ------null | com.cars.mylescars.Controller.IndexController:80|
INFO  | 2020-03-05 13:40:21,079 | http-nio-8080-exec-1 | cities:  {2=Delhi, 3=Gurugram, 4=Mumbai, 5=Pune, 6=Hyderabad, 7=Bengaluru, 8=Chennai} | com.cars.mylescars.Controller.IndexController:93|
INFO  | 2020-03-05 13:40:21,079 | http-nio-8080-exec-1 | -------------- | com.cars.mylescars.Controller.IndexController:95|
INFO  | 2020-03-05 13:44:30,239 | http-nio-8080-exec-10 | ------null | com.cars.mylescars.Controller.IndexController:80|
INFO  | 2020-03-05 13:44:30,535 | http-nio-8080-exec-10 | cities:  {2=Delhi, 3=Gurugram, 4=Mumbai, 5=Pune, 6=Hyderabad, 7=Bengaluru, 8=Chennai} | com.cars.mylescars.Controller.IndexController:93|
INFO  | 2020-03-05 13:44:30,536 | http-nio-8080-exec-10 | -------------- | com.cars.mylescars.Controller.IndexController:95|
INFO  | 2020-03-05 13:52:55,037 | http-nio-8080-exec-1 | ------null | com.cars.mylescars.Controller.IndexController:80|
INFO  | 2020-03-05 13:52:55,212 | http-nio-8080-exec-1 | cities:  {2=Delhi, 3=Gurugram, 4=Mumbai, 5=Pune, 6=Hyderabad, 7=Bengaluru, 8=Chennai} | com.cars.mylescars.Controller.IndexController:93|
INFO  | 2020-03-05 13:52:55,213 | http-nio-8080-exec-1 | -------------- | com.cars.mylescars.Controller.IndexController:95|
INFO  | 2020-03-05 14:24:31,158 | http-nio-8080-exec-1 | ------null | com.cars.mylescars.Controller.IndexController:80|
INFO  | 2020-03-05 14:24:32,818 | http-nio-8080-exec-2 | ------null | com.cars.mylescars.Controller.IndexController:80|
INFO  | 2020-03-05 14:24:33,134 | http-nio-8080-exec-1 | cities:  {2=Delhi, 3=Gurugram, 4=Mumbai, 5=Pune, 6=Hyderabad, 7=Bengaluru, 8=Chennai} | com.cars.mylescars.Controller.IndexController:93|
INFO  | 2020-03-05 14:24:33,358 | http-nio-8080-exec-1 | -------------- | com.cars.mylescars.Controller.IndexController:95|
INFO  | 2020-03-05 14:24:33,355 | http-nio-8080-exec-2 | cities:  {2=Delhi, 3=Gurugram, 4=Mumbai, 5=Pune, 6=Hyderabad, 7=Bengaluru, 8=Chennai} | com.cars.mylescars.Controller.IndexController:93|
INFO  | 2020-03-05 14:24:33,362 | http-nio-8080-exec-2 | -------------- | com.cars.mylescars.Controller.IndexController:95|
INFO  | 2020-03-05 14:38:05,168 | http-nio-8080-exec-8 | Employee Session New: cb18c5a8-5535-4222-90d1-ec89b930f5ac | com.cars.mylescars.Controller.BaseController:20|
INFO  | 2020-03-05 14:38:05,180 | http-nio-8080-exec-8 | requestUrl : https://mylesaccesstoken.carzonrent.com/Services/MylesTokenService.svc/RestW1AuthenticateUser | com.cars.mylescars.Controller.LongTermController:84|
ERROR | 2020-03-05 14:38:26,333 | http-nio-8080-exec-8 | responseData : <200,{"accessToken":"EIo0XGZgwo3o3CGUVe00w7y7n4o%3D","sessionID":null,"status":1},[Cache-Control:"private", Content-Length:"76", Content-Type:"application/json; charset=utf-8", Server:"Microsoft-IIS/7.5", X-AspNet-Version:"4.0.30319", X-Powered-By:"ASP.NET", Access-Control-Allow-Origin:"*", Access-Control-Allow-Headers:"Content-Type", Date:"Thu, 05 Mar 2020 09:08:34 GMT"]> | com.cars.mylescars.Controller.LongTermController:118|
INFO  | 2020-03-05 14:38:53,274 | http-nio-8080-exec-8 | ------null | com.cars.mylescars.Controller.IndexController:80|
INFO  | 2020-03-05 14:38:53,276 | http-nio-8080-exec-8 | cities:  {2=Delhi, 3=Gurugram, 4=Mumbai, 5=Pune, 6=Hyderabad, 7=Bengaluru, 8=Chennai} | com.cars.mylescars.Controller.IndexController:93|
INFO  | 2020-03-05 14:38:53,276 | http-nio-8080-exec-8 | -------------- | com.cars.mylescars.Controller.IndexController:95|
INFO  | 2020-03-05 14:39:27,519 | http-nio-8080-exec-1 | Employee Session New: de10f6ae-9191-4df9-9f17-0d8321528d6b | com.cars.mylescars.Controller.BaseController:20|
INFO  | 2020-03-05 14:39:27,540 | http-nio-8080-exec-1 | requestUrl : https://mylesaccesstoken.carzonrent.com/Services/MylesTokenService.svc/RestW1AuthenticateUser | com.cars.mylescars.Controller.LongTermController:84|
ERROR | 2020-03-05 14:39:29,003 | http-nio-8080-exec-1 | responseData : <200,{"accessToken":"4dAdnZCu5xhugYX0wY4gJZJYqNY%3D","sessionID":null,"status":1},[Cache-Control:"private", Content-Length:"76", Content-Type:"application/json; charset=utf-8", Server:"Microsoft-IIS/7.5", X-AspNet-Version:"4.0.30319", X-Powered-By:"ASP.NET", Access-Control-Allow-Origin:"*", Access-Control-Allow-Headers:"Content-Type", Date:"Thu, 05 Mar 2020 09:09:38 GMT"]> | com.cars.mylescars.Controller.LongTermController:118|
INFO  | 2020-03-05 14:39:33,416 | http-nio-8080-exec-1 | ------null | com.cars.mylescars.Controller.IndexController:80|
INFO  | 2020-03-05 14:39:33,596 | http-nio-8080-exec-1 | cities:  {2=Delhi, 3=Gurugram, 4=Mumbai, 5=Pune, 6=Hyderabad, 7=Bengaluru, 8=Chennai} | com.cars.mylescars.Controller.IndexController:93|
INFO  | 2020-03-05 14:39:33,597 | http-nio-8080-exec-1 | -------------- | com.cars.mylescars.Controller.IndexController:95|
INFO  | 2020-03-05 15:55:51,223 | http-nio-8080-exec-1 | Employee Session New: 2dc9bb90-200b-4fcc-a73e-6387ef87d2f0 | com.cars.mylescars.Controller.BaseController:20|
INFO  | 2020-03-05 15:55:51,244 | http-nio-8080-exec-1 | requestUrl : https://mylesaccesstoken.carzonrent.com/Services/MylesTokenService.svc/RestW1AuthenticateUser | com.cars.mylescars.Controller.LongTermController:84|
ERROR | 2020-03-05 15:55:53,419 | http-nio-8080-exec-1 | responseData : <200,{"accessToken":"3Yhs1stdLT60NQyCaqz9T6KLUuQ%3D","sessionID":null,"status":1},[Cache-Control:"private", Content-Length:"76", Content-Type:"application/json; charset=utf-8", Server:"Microsoft-IIS/7.5", X-AspNet-Version:"4.0.30319", X-Powered-By:"ASP.NET", Access-Control-Allow-Origin:"*", Access-Control-Allow-Headers:"Content-Type", Date:"Thu, 05 Mar 2020 10:26:39 GMT"]> | com.cars.mylescars.Controller.LongTermController:118|
INFO  | 2020-03-05 15:56:03,004 | http-nio-8080-exec-1 | ------null | com.cars.mylescars.Controller.IndexController:84|
INFO  | 2020-03-05 15:56:04,581 | http-nio-8080-exec-1 | cities:  {2=Delhi, 3=Gurugram, 4=Mumbai, 5=Pune, 6=Hyderabad, 7=Bengaluru, 8=Chennai} | com.cars.mylescars.Controller.IndexController:97|
INFO  | 2020-03-05 15:56:04,741 | http-nio-8080-exec-1 | -------------- | com.cars.mylescars.Controller.IndexController:99|
INFO  | 2020-03-05 16:02:50,335 | http-nio-8080-exec-10 | ------null | com.cars.mylescars.Controller.IndexController:84|
INFO  | 2020-03-05 16:02:50,906 | http-nio-8080-exec-10 | cities:  {2=Delhi, 3=Gurugram, 4=Mumbai, 5=Pune, 6=Hyderabad, 7=Bengaluru, 8=Chennai} | com.cars.mylescars.Controller.IndexController:97|
INFO  | 2020-03-05 16:02:50,907 | http-nio-8080-exec-10 | -------------- | com.cars.mylescars.Controller.IndexController:99|
INFO  | 2020-03-05 16:03:10,792 | http-nio-8080-exec-9 | ------null | com.cars.mylescars.Controller.IndexController:84|
INFO  | 2020-03-05 16:03:11,347 | http-nio-8080-exec-9 | cities:  {2=Delhi, 3=Gurugram, 4=Mumbai, 5=Pune, 6=Hyderabad, 7=Bengaluru, 8=Chennai} | com.cars.mylescars.Controller.IndexController:97|
INFO  | 2020-03-05 16:03:11,348 | http-nio-8080-exec-9 | -------------- | com.cars.mylescars.Controller.IndexController:99|
INFO  | 2020-03-05 16:08:19,047 | http-nio-8080-exec-3 | ------null | com.cars.mylescars.Controller.IndexController:84|
INFO  | 2020-03-05 16:08:19,544 | http-nio-8080-exec-3 | cities:  {2=Delhi, 3=Gurugram, 4=Mumbai, 5=Pune, 6=Hyderabad, 7=Bengaluru, 8=Chennai} | com.cars.mylescars.Controller.IndexController:97|
INFO  | 2020-03-05 16:08:19,549 | http-nio-8080-exec-3 | -------------- | com.cars.mylescars.Controller.IndexController:99|
INFO  | 2020-03-05 16:13:02,915 | http-nio-8080-exec-3 | ------null | com.cars.mylescars.Controller.IndexController:84|
INFO  | 2020-03-05 16:13:02,967 | http-nio-8080-exec-3 | cities:  {2=Delhi, 3=Gurugram, 4=Mumbai, 5=Pune, 6=Hyderabad, 7=Bengaluru, 8=Chennai} | com.cars.mylescars.Controller.IndexController:97|
INFO  | 2020-03-05 16:13:02,967 | http-nio-8080-exec-3 | -------------- | com.cars.mylescars.Controller.IndexController:99|
INFO  | 2020-03-05 16:15:00,679 | http-nio-8080-exec-1 | Employee Session New: 12ec2b7b-667b-42ef-aab5-e6c03184a59f | com.cars.mylescars.Controller.BaseController:20|
INFO  | 2020-03-05 16:15:00,698 | http-nio-8080-exec-1 | requestUrl : https://mylesaccesstoken.carzonrent.com/Services/MylesTokenService.svc/RestW1AuthenticateUser | com.cars.mylescars.Controller.LongTermController:84|
ERROR | 2020-03-05 16:15:02,162 | http-nio-8080-exec-1 | responseData : <200,{"accessToken":"lco5IRPvGHzrwCWwFXSNfxJVUx0%3D","sessionID":null,"status":1},[Cache-Control:"private", Content-Length:"76", Content-Type:"application/json; charset=utf-8", Server:"Microsoft-IIS/7.5", X-AspNet-Version:"4.0.30319", X-Powered-By:"ASP.NET", Access-Control-Allow-Origin:"*", Access-Control-Allow-Headers:"Content-Type", Date:"Thu, 05 Mar 2020 10:45:55 GMT"]> | com.cars.mylescars.Controller.LongTermController:118|
INFO  | 2020-03-05 16:15:12,137 | http-nio-8080-exec-1 | ------null | com.cars.mylescars.Controller.IndexController:83|
INFO  | 2020-03-05 16:15:12,976 | http-nio-8080-exec-1 | cities:  {2=Delhi, 3=Gurugram, 4=Mumbai, 5=Pune, 6=Hyderabad, 7=Bengaluru, 8=Chennai} | com.cars.mylescars.Controller.IndexController:96|
INFO  | 2020-03-05 16:15:12,977 | http-nio-8080-exec-1 | -------------- | com.cars.mylescars.Controller.IndexController:98|
INFO  | 2020-03-05 16:22:59,209 | http-nio-8080-exec-5 | ------null | com.cars.mylescars.Controller.IndexController:83|
INFO  | 2020-03-05 16:23:00,505 | http-nio-8080-exec-5 | cities:  {2=Delhi, 3=Gurugram, 4=Mumbai, 5=Pune, 6=Hyderabad, 7=Bengaluru, 8=Chennai} | com.cars.mylescars.Controller.IndexController:96|
INFO  | 2020-03-05 16:23:00,506 | http-nio-8080-exec-5 | -------------- | com.cars.mylescars.Controller.IndexController:98|
INFO  | 2020-03-05 16:24:10,529 | http-nio-8080-exec-8 | ------null | com.cars.mylescars.Controller.IndexController:83|
INFO  | 2020-03-05 16:24:11,121 | http-nio-8080-exec-8 | cities:  {2=Delhi, 3=Gurugram, 4=Mumbai, 5=Pune, 6=Hyderabad, 7=Bengaluru, 8=Chennai} | com.cars.mylescars.Controller.IndexController:96|
INFO  | 2020-03-05 16:24:11,122 | http-nio-8080-exec-8 | -------------- | com.cars.mylescars.Controller.IndexController:98|
INFO  | 2020-03-05 16:24:50,599 | http-nio-8080-exec-8 | ------null | com.cars.mylescars.Controller.IndexController:83|
INFO  | 2020-03-05 16:24:50,729 | http-nio-8080-exec-8 | cities:  {2=Delhi, 3=Gurugram, 4=Mumbai, 5=Pune, 6=Hyderabad, 7=Bengaluru, 8=Chennai} | com.cars.mylescars.Controller.IndexController:96|
INFO  | 2020-03-05 16:24:50,730 | http-nio-8080-exec-8 | -------------- | com.cars.mylescars.Controller.IndexController:98|
INFO  | 2020-03-05 16:25:10,604 | http-nio-8080-exec-8 | ------null | com.cars.mylescars.Controller.IndexController:83|
INFO  | 2020-03-05 16:25:11,582 | http-nio-8080-exec-8 | cities:  {2=Delhi, 3=Gurugram, 4=Mumbai, 5=Pune, 6=Hyderabad, 7=Bengaluru, 8=Chennai} | com.cars.mylescars.Controller.IndexController:96|
INFO  | 2020-03-05 16:25:11,583 | http-nio-8080-exec-8 | -------------- | com.cars.mylescars.Controller.IndexController:98|
INFO  | 2020-03-05 16:34:43,718 | http-nio-8080-exec-9 | Employee Session New: 280339f3-f432-4a6e-99cf-56866c0bfd64 | com.cars.mylescars.Controller.BaseController:20|
INFO  | 2020-03-05 16:34:43,729 | http-nio-8080-exec-9 | requestUrl : https://mylesaccesstoken.carzonrent.com/Services/MylesTokenService.svc/RestW1AuthenticateUser | com.cars.mylescars.Controller.LongTermController:84|
ERROR | 2020-03-05 16:34:44,014 | http-nio-8080-exec-9 | responseData : <200,{"accessToken":"9w6xaD9%2FC3pmhUDxWFKue8See9A%3D","sessionID":null,"status":1},[Cache-Control:"private", Content-Length:"78", Content-Type:"application/json; charset=utf-8", Server:"Microsoft-IIS/7.5", X-AspNet-Version:"4.0.30319", X-Powered-By:"ASP.NET", Access-Control-Allow-Origin:"*", Access-Control-Allow-Headers:"Content-Type", Date:"Thu, 05 Mar 2020 11:05:48 GMT"]> | com.cars.mylescars.Controller.LongTermController:118|
INFO  | 2020-03-05 16:34:57,055 | http-nio-8080-exec-9 | ------null | com.cars.mylescars.Controller.IndexController:83|
INFO  | 2020-03-05 16:34:57,055 | http-nio-8080-exec-9 | cities:  {2=Delhi, 3=Gurugram, 4=Mumbai, 5=Pune, 6=Hyderabad, 7=Bengaluru, 8=Chennai} | com.cars.mylescars.Controller.IndexController:96|
INFO  | 2020-03-05 16:34:57,056 | http-nio-8080-exec-9 | -------------- | com.cars.mylescars.Controller.IndexController:98|
INFO  | 2020-03-05 16:35:32,228 | http-nio-8080-exec-5 | ------null | com.cars.mylescars.Controller.IndexController:83|
INFO  | 2020-03-05 16:35:32,229 | http-nio-8080-exec-5 | cities:  {2=Delhi, 3=Gurugram, 4=Mumbai, 5=Pune, 6=Hyderabad, 7=Bengaluru, 8=Chennai} | com.cars.mylescars.Controller.IndexController:96|
INFO  | 2020-03-05 16:35:32,229 | http-nio-8080-exec-5 | -------------- | com.cars.mylescars.Controller.IndexController:98|
INFO  | 2020-03-05 16:42:12,113 | http-nio-8080-exec-1 | ------null | com.cars.mylescars.Controller.IndexController:83|
INFO  | 2020-03-05 16:42:12,127 | http-nio-8080-exec-1 | cities:  {2=Delhi, 3=Gurugram, 4=Mumbai, 5=Pune, 6=Hyderabad, 7=Bengaluru, 8=Chennai} | com.cars.mylescars.Controller.IndexController:96|
INFO  | 2020-03-05 16:42:12,128 | http-nio-8080-exec-1 | -------------- | com.cars.mylescars.Controller.IndexController:98|
INFO  | 2020-03-05 16:42:48,030 | http-nio-8080-exec-1 | Employee Session New: a879cb84-4f91-4397-bd77-5c9c3f5ce56d | com.cars.mylescars.Controller.BaseController:20|
INFO  | 2020-03-05 16:42:48,047 | http-nio-8080-exec-1 | requestUrl : https://mylesaccesstoken.carzonrent.com/Services/MylesTokenService.svc/RestW1AuthenticateUser | com.cars.mylescars.Controller.LongTermController:84|
ERROR | 2020-03-05 16:42:48,856 | http-nio-8080-exec-1 | responseData : <200,{"accessToken":"XPc41qdPNlBh0jQrWH5KfVEh50w%3D","sessionID":null,"status":1},[Cache-Control:"private", Content-Length:"76", Content-Type:"application/json; charset=utf-8", Server:"Microsoft-IIS/7.5", X-AspNet-Version:"4.0.30319", X-Powered-By:"ASP.NET", Access-Control-Allow-Origin:"*", Access-Control-Allow-Headers:"Content-Type", Date:"Thu, 05 Mar 2020 11:13:56 GMT"]> | com.cars.mylescars.Controller.LongTermController:118|
INFO  | 2020-03-05 16:42:52,982 | http-nio-8080-exec-1 | ------null | com.cars.mylescars.Controller.IndexController:83|
INFO  | 2020-03-05 16:42:52,983 | http-nio-8080-exec-1 | cities:  {2=Delhi, 3=Gurugram, 4=Mumbai, 5=Pune, 6=Hyderabad, 7=Bengaluru, 8=Chennai} | com.cars.mylescars.Controller.IndexController:96|
INFO  | 2020-03-05 16:42:52,984 | http-nio-8080-exec-1 | -------------- | com.cars.mylescars.Controller.IndexController:98|
INFO  | 2020-03-05 16:56:25,668 | http-nio-8080-exec-8 | ------null | com.cars.mylescars.Controller.IndexController:83|
INFO  | 2020-03-05 16:56:25,685 | http-nio-8080-exec-8 | cities:  {2=Delhi, 3=Gurugram, 4=Mumbai, 5=Pune, 6=Hyderabad, 7=Bengaluru, 8=Chennai} | com.cars.mylescars.Controller.IndexController:96|
INFO  | 2020-03-05 16:56:25,685 | http-nio-8080-exec-8 | -------------- | com.cars.mylescars.Controller.IndexController:98|
INFO  | 2020-03-05 16:57:41,556 | http-nio-8080-exec-7 | ------null | com.cars.mylescars.Controller.IndexController:83|
INFO  | 2020-03-05 16:57:41,561 | http-nio-8080-exec-7 | cities:  {2=Delhi, 3=Gurugram, 4=Mumbai, 5=Pune, 6=Hyderabad, 7=Bengaluru, 8=Chennai} | com.cars.mylescars.Controller.IndexController:96|
INFO  | 2020-03-05 16:57:41,562 | http-nio-8080-exec-7 | -------------- | com.cars.mylescars.Controller.IndexController:98|
INFO  | 2020-03-05 16:58:09,891 | http-nio-8080-exec-8 | ------null | com.cars.mylescars.Controller.IndexController:83|
INFO  | 2020-03-05 16:58:09,892 | http-nio-8080-exec-8 | cities:  {2=Delhi, 3=Gurugram, 4=Mumbai, 5=Pune, 6=Hyderabad, 7=Bengaluru, 8=Chennai} | com.cars.mylescars.Controller.IndexController:96|
INFO  | 2020-03-05 16:58:09,892 | http-nio-8080-exec-8 | -------------- | com.cars.mylescars.Controller.IndexController:98|
INFO  | 2020-03-05 16:59:37,246 | http-nio-8080-exec-6 | ------null | com.cars.mylescars.Controller.IndexController:83|
INFO  | 2020-03-05 16:59:37,254 | http-nio-8080-exec-6 | cities:  {2=Delhi, 3=Gurugram, 4=Mumbai, 5=Pune, 6=Hyderabad, 7=Bengaluru, 8=Chennai} | com.cars.mylescars.Controller.IndexController:96|
INFO  | 2020-03-05 16:59:37,255 | http-nio-8080-exec-6 | -------------- | com.cars.mylescars.Controller.IndexController:98|
INFO  | 2020-03-05 17:01:13,047 | http-nio-8080-exec-1 | Employee Session New: cd66953b-cdd8-484d-8d32-9acb223d9e21 | com.cars.mylescars.Controller.BaseController:20|
INFO  | 2020-03-05 17:01:13,063 | http-nio-8080-exec-1 | requestUrl : https://mylesaccesstoken.carzonrent.com/Services/MylesTokenService.svc/RestW1AuthenticateUser | com.cars.mylescars.Controller.LongTermController:84|
ERROR | 2020-03-05 17:01:51,157 | http-nio-8080-exec-1 | responseData : <200,{"accessToken":"QcitjRdZtParrEC6Xh5PbC5RzCM%3D","sessionID":null,"status":1},[Cache-Control:"private", Content-Length:"76", Content-Type:"application/json; charset=utf-8", Server:"Microsoft-IIS/7.5", X-AspNet-Version:"4.0.30319", X-Powered-By:"ASP.NET", Access-Control-Allow-Origin:"*", Access-Control-Allow-Headers:"Content-Type", Date:"Thu, 05 Mar 2020 11:33:07 GMT"]> | com.cars.mylescars.Controller.LongTermController:118|
INFO  | 2020-03-05 17:02:09,974 | http-nio-8080-exec-2 | Employee Session New: 9994473d-f1e9-4a91-9f1d-713207049807 | com.cars.mylescars.Controller.BaseController:20|
INFO  | 2020-03-05 17:02:09,975 | http-nio-8080-exec-2 | requestUrl : https://mylesaccesstoken.carzonrent.com/Services/MylesTokenService.svc/RestW1AuthenticateUser | com.cars.mylescars.Controller.LongTermController:84|
ERROR | 2020-03-05 17:02:10,184 | http-nio-8080-exec-2 | responseData : <200,{"accessToken":"NaxjpDZ4fNNTesDwDY66UGKiFHY%3D","sessionID":null,"status":1},[Cache-Control:"private", Content-Length:"76", Content-Type:"application/json; charset=utf-8", Server:"Microsoft-IIS/7.5", X-AspNet-Version:"4.0.30319", X-Powered-By:"ASP.NET", Access-Control-Allow-Origin:"*", Access-Control-Allow-Headers:"Content-Type", Date:"Thu, 05 Mar 2020 11:33:27 GMT"]> | com.cars.mylescars.Controller.LongTermController:118|
INFO  | 2020-03-05 17:02:16,438 | http-nio-8080-exec-2 | ------null | com.cars.mylescars.Controller.IndexController:83|
INFO  | 2020-03-05 17:02:16,440 | http-nio-8080-exec-2 | cities:  {2=Delhi, 3=Gurugram, 4=Mumbai, 5=Pune, 6=Hyderabad, 7=Bengaluru, 8=Chennai} | com.cars.mylescars.Controller.IndexController:96|
INFO  | 2020-03-05 17:02:16,440 | http-nio-8080-exec-2 | -------------- | com.cars.mylescars.Controller.IndexController:98|
INFO  | 2020-03-05 17:02:20,478 | http-nio-8080-exec-1 | ------null | com.cars.mylescars.Controller.IndexController:83|
INFO  | 2020-03-05 17:02:20,488 | http-nio-8080-exec-1 | cities:  {2=Delhi, 3=Gurugram, 4=Mumbai, 5=Pune, 6=Hyderabad, 7=Bengaluru, 8=Chennai} | com.cars.mylescars.Controller.IndexController:96|
INFO  | 2020-03-05 17:02:20,488 | http-nio-8080-exec-1 | -------------- | com.cars.mylescars.Controller.IndexController:98|
